2019-06-03 17:57:06.509  INFO 18676 --- [restartedMain] com.favorites.FavoritesApplication       : Starting FavoritesApplication on WIN10-2019 with PID 18676 (D:\Develop\github\favorites-web\app\target\classes started by Administrator in D:\Develop\github\favorites-web\app)
2019-06-03 17:57:06.520  INFO 18676 --- [restartedMain] com.favorites.FavoritesApplication       : The following profiles are active: dev
2019-06-03 17:57:06.782  INFO 18676 --- [restartedMain] .e.DevToolsPropertyDefaultsPostProcessor : Devtools property defaults active! Set 'spring.devtools.add-properties' to 'false' to disable
2019-06-03 17:57:06.783  INFO 18676 --- [restartedMain] .e.DevToolsPropertyDefaultsPostProcessor : For additional web related logging consider setting the 'logging.level.web' property to 'DEBUG'
2019-06-03 17:57:07.350  INFO 18676 --- [restartedMain] .s.d.r.c.RepositoryConfigurationDelegate : Bootstrapping Spring Data repositories in DEFAULT mode.
2019-06-03 17:57:07.440  INFO 18676 --- [restartedMain] .s.d.r.c.RepositoryConfigurationDelegate : Finished Spring Data repository scanning in 84ms. Found 12 repository interfaces.
2019-06-03 17:57:07.710  INFO 18676 --- [restartedMain] trationDelegate$BeanPostProcessorChecker : Bean 'org.springframework.transaction.annotation.ProxyTransactionManagementConfiguration' of type [org.springframework.transaction.annotation.ProxyTransactionManagementConfiguration$$EnhancerBySpringCGLIB$$edb56840] is not eligible for getting processed by all BeanPostProcessors (for example: not eligible for auto-proxying)
2019-06-03 17:57:08.121  INFO 18676 --- [restartedMain] o.s.b.w.embedded.tomcat.TomcatWebServer  : Tomcat initialized with port(s): 8082 (http)
2019-06-03 17:57:08.142  INFO 18676 --- [restartedMain] o.apache.catalina.core.StandardService   : Starting service [Tomcat]
2019-06-03 17:57:08.143  INFO 18676 --- [restartedMain] org.apache.catalina.core.StandardEngine  : Starting Servlet engine: [Apache Tomcat/9.0.14]
2019-06-03 17:57:08.150  INFO 18676 --- [restartedMain] o.a.catalina.core.AprLifecycleListener   : The APR based Apache Tomcat Native library which allows optimal performance in production environments was not found on the java.library.path: [D:\Develop\Tools\Java\jdk1.8.0_201\bin;C:\WINDOWS\Sun\Java\bin;C:\WINDOWS\system32;C:\WINDOWS;d:\develop\tools\graphicsmagick-1.3.31-q16;C:\Program Files (x86)\Common Files\Oracle\Java\javapath;C:\Windows\system32;C:\Windows;C:\Windows\System32\Wbem;C:\Windows\System32\WindowsPowerShell\v1.0\;C:\Program Files (x86)\NVIDIA Corporation\PhysX\Common;D:\Develop\Tools\Java\jdk1.8.0_201\bin;C:\Program Files (x86)\Windows Kits\8.1\Windows Performance Toolkit\;D:\Develop\Tools\Python37\;D:\Develop\Tools\mysql-5.7.25-winx64\bin;C:\WINDOWS\system32;C:\WINDOWS;C:\WINDOWS\System32\Wbem;C:\WINDOWS\System32\WindowsPowerShell\v1.0\;C:\WINDOWS\System32\OpenSSH\;D:\Develop\Tools\apache-maven-3.6.1\bin;D:\Develop\Tools\Git\cmd;C:\Users\Administrator\AppData\Local\Programs\Python\Python37-32\Scripts\;C:\Users\Administrator\AppData\Local\Programs\Python\Python37-32\;C:\Users\Administrator\AppData\Local\Microsoft\WindowsApps;D:\ProgramFiles\bandizip\;D:\Develop\Softs\JetBrains\PyCharm 2019.1.1\bin;;D:\Develop\Softs\JetBrains\IntelliJ IDEA 2019.1\bin;;;.]
2019-06-03 17:57:08.243  INFO 18676 --- [restartedMain] o.a.c.c.C.[Tomcat].[localhost].[/]       : Initializing Spring embedded WebApplicationContext
2019-06-03 17:57:08.243  INFO 18676 --- [restartedMain] o.s.web.context.ContextLoader            : Root WebApplicationContext: initialization completed in 1460 ms
2019-06-03 17:57:08.477  INFO 18676 --- [restartedMain] com.zaxxer.hikari.HikariDataSource       : HikariPool-1 - Starting...
2019-06-03 17:57:08.592  INFO 18676 --- [restartedMain] com.zaxxer.hikari.HikariDataSource       : HikariPool-1 - Start completed.
2019-06-03 17:57:08.640  INFO 18676 --- [restartedMain] o.hibernate.jpa.internal.util.LogHelper  : HHH000204: Processing PersistenceUnitInfo [
	name: default
	...]
2019-06-03 17:57:08.728  INFO 18676 --- [restartedMain] org.hibernate.Version                    : HHH000412: Hibernate Core {5.3.7.Final}
2019-06-03 17:57:08.731  INFO 18676 --- [restartedMain] org.hibernate.cfg.Environment            : HHH000206: hibernate.properties not found
2019-06-03 17:57:08.905  INFO 18676 --- [restartedMain] o.hibernate.annotations.common.Version   : HCANN000001: Hibernate Commons Annotations {5.0.4.Final}
2019-06-03 17:57:09.079  INFO 18676 --- [restartedMain] org.hibernate.dialect.Dialect            : HHH000400: Using dialect: org.hibernate.dialect.MySQL5InnoDBDialect
2019-06-03 17:57:09.759  INFO 18676 --- [restartedMain] j.LocalContainerEntityManagerFactoryBean : Initialized JPA EntityManagerFactory for persistence unit 'default'
2019-06-03 17:57:09.790  INFO 18676 --- [restartedMain] o.s.b.d.a.OptionalLiveReloadServer       : LiveReload server is running on port 35729
2019-06-03 17:57:10.772  INFO 18676 --- [restartedMain] o.h.h.i.QueryTranslatorFactoryInitiator  : HHH000397: Using ASTQueryTranslatorFactory
2019-06-03 17:57:10.944  INFO 18676 --- [restartedMain] f.a.AutowiredAnnotationBeanPostProcessor : Autowired annotation should only be used on methods with parameters: public void com.favorites.schedule.ScheduledTasks.autoRecovery()
2019-06-03 17:57:12.113  INFO 18676 --- [restartedMain] o.s.s.concurrent.ThreadPoolTaskExecutor  : Initializing ExecutorService 'applicationTaskExecutor'
2019-06-03 17:57:12.145  WARN 18676 --- [restartedMain] aWebConfiguration$JpaWebMvcConfiguration : spring.jpa.open-in-view is enabled by default. Therefore, database queries may be performed during view rendering. Explicitly configure spring.jpa.open-in-view to disable this warning
2019-06-03 17:57:12.392  INFO 18676 --- [restartedMain] o.s.b.a.w.s.WelcomePageHandlerMapping    : Adding welcome page template: index
2019-06-03 17:57:12.518  INFO 18676 --- [restartedMain] o.s.b.w.embedded.tomcat.TomcatWebServer  : Tomcat started on port(s): 8082 (http) with context path ''
2019-06-03 17:57:12.520  INFO 18676 --- [restartedMain] com.favorites.FavoritesApplication       : Started FavoritesApplication in 6.485 seconds (JVM running for 7.983)
2019-06-03 17:59:28.073  INFO 18676 --- [http-nio-8082-exec-1] o.a.c.c.C.[Tomcat].[localhost].[/]       : Initializing Spring DispatcherServlet 'dispatcherServlet'
2019-06-03 17:59:28.073  INFO 18676 --- [http-nio-8082-exec-1] o.s.web.servlet.DispatcherServlet        : Initializing Servlet 'dispatcherServlet'
2019-06-03 17:59:28.080  INFO 18676 --- [http-nio-8082-exec-1] o.s.web.servlet.DispatcherServlet        : Completed initialization in 7 ms
2019-06-03 18:00:28.474  INFO 18676 --- [http-nio-8082-exec-10] o.apache.tomcat.util.http.parser.Cookie  : A cookie header was received [1559038071; _ga=GA1.1.1447122275.1559024992] that contained an invalid cookie. That cookie will be ignored.Note: further occurrences of this error will be logged at DEBUG level.
